Line 9: Class MSForms.Frame of control fraChart was not a loaded control class.
Line 16: Class MSForms.CheckBox of control chkInclude was not a loaded control class.
Line 25: Class MSForms.TextBox of control txtPlotId was not a loaded control class.
Line 32: Class MSForms.ComboBox of control cboSector was not a loaded control class.
Line 40: Class MSForms.ComboBox of control cboPlotFunction was not a loaded control class.
Line 48: Class MSForms.ComboBox of control cboDataSourceId was not a loaded control class.
Line 56: Class MSForms.CommandButton of control cmdLoadFields was not a loaded control class.
Line 64: Class MSForms.CommandButton of control cmdAddDataSource was not a loaded control class.
Line 72: Class MSForms.TextBox of control txtOutputFile was not a loaded control class.
Line 79: Class MSForms.TextBox of control txtTitle was not a loaded control class.
Line 86: Class MSForms.TextBox of control txtSubtitle was not a loaded control class.
Line 93: Class MSForms.TextBox of control txtSortOrder was not a loaded control class.
Line 100: Class MSForms.Label of control lblPlotId was not a loaded control class.
Line 108: Class MSForms.Label of control lblSector was not a loaded control class.
Line 116: Class MSForms.Label of control lblPlotFunction was not a loaded control class.
Line 124: Class MSForms.Label of control lblDataSource was not a loaded control class.
Line 132: Class MSForms.Label of control lblOutputFile was not a loaded control class.
Line 140: Class MSForms.Label of control lblTitle was not a loaded control class.
Line 148: Class MSForms.Label of control lblSubtitle was not a loaded control class.
Line 156: Class MSForms.Label of control lblSortOrder was not a loaded control class.
Line 165: Class MSForms.Frame of control fraFields was not a loaded control class.
Line 172: Class MSForms.ComboBox of control cboXField was not a loaded control class.
Line 179: Class MSForms.ComboBox of control cboXFreq was not a loaded control class.
Line 187: Class MSForms.ComboBox of control cboGroupField was not a loaded control class.
Line 194: Class MSForms.ComboBox of control cboColumnValue was not a loaded control class.
Line 201: Class MSForms.TextBox of control txtColumnAxisLabel was not a loaded control class.
Line 208: Class MSForms.TextBox of control txtColumnLegendLabel was not a loaded control class.
Line 215: Class MSForms.ComboBox of control cboLineValue was not a loaded control class.
Line 222: Class MSForms.TextBox of control txtLineAxisLabel was not a loaded control class.
Line 229: Class MSForms.TextBox of control txtLineLegendLabel was not a loaded control class.
Line 236: Class MSForms.ComboBox of control cboColumnPosition was not a loaded control class.
Line 244: Class MSForms.CheckBox of control chkForecast was not a loaded control class.
Line 253: Class MSForms.CheckBox of control chkUseMetadataPalette was not a loaded control class.
Line 262: Class MSForms.TextBox of control txtPrimaryMinBreaks was not a loaded control class.
Line 269: Class MSForms.TextBox of control txtPrimaryMaxBreaks was not a loaded control class.
Line 276: Class MSForms.TextBox of control txtSecondaryMinBreaks was not a loaded control class.
Line 283: Class MSForms.TextBox of control txtSecondaryMaxBreaks was not a loaded control class.
Line 290: Class MSForms.Label of control lblXField was not a loaded control class.
Line 298: Class MSForms.Label of control lblXFreq was not a loaded control class.
Line 306: Class MSForms.Label of control lblGroupField was not a loaded control class.
Line 314: Class MSForms.Label of control lblColumnValue was not a loaded control class.
Line 322: Class MSForms.Label of control lblColumnAxis was not a loaded control class.
Line 330: Class MSForms.Label of control lblColumnLegend was not a loaded control class.
Line 338: Class MSForms.Label of control lblLineValue was not a loaded control class.
Line 346: Class MSForms.Label of control lblLineAxis was not a loaded control class.
Line 354: Class MSForms.Label of control lblLineLegend was not a loaded control class.
Line 362: Class MSForms.Label of control lblColumnPosition was not a loaded control class.
Line 370: Class MSForms.Label of control lblPrimaryBreaks was not a loaded control class.
Line 378: Class MSForms.Label of control lblSecondaryBreaks was not a loaded control class.
Line 387: Class MSForms.CommandButton of control cmdSave was not a loaded control class.
Line 396: Class MSForms.CommandButton of control cmdCancel was not a loaded control class.
